Created temporary directory: /home/cireng/pamac-build/pip-ephem-wheel-cache-_21okva3
Created temporary directory: /home/cireng/pamac-build/pip-req-tracker-2lti5te_
Created requirements tracker '/home/cireng/pamac-build/pip-req-tracker-2lti5te_'
Created temporary directory: /home/cireng/pamac-build/pip-wheel-9mdt2n3_
Requirement 'wxPython-4.0.1.tar.gz' looks like a filename, but the file does not exist
Processing ./wxPython-4.0.1.tar.gz
  Created temporary directory: /home/cireng/pamac-build/pip-req-build-ikvzyr7w
Cleaning up...
Removed build tracker '/home/cireng/pamac-build/pip-req-tracker-2lti5te_'
Exception:
Traceback (most recent call last):
  File "/home/cireng/.virtualenvs/wxpython/lib/python3.7/site-packages/pip/_internal/cli/base_command.py", line 179, in main
    status = self.run(options, args)
  File "/home/cireng/.virtualenvs/wxpython/lib/python3.7/site-packages/pip/_internal/commands/wheel.py", line 164, in run
    resolver.resolve(requirement_set)
  File "/home/cireng/.virtualenvs/wxpython/lib/python3.7/site-packages/pip/_internal/resolve.py", line 131, in resolve
    self._resolve_one(requirement_set, req)
  File "/home/cireng/.virtualenvs/wxpython/lib/python3.7/site-packages/pip/_internal/resolve.py", line 294, in _resolve_one
    abstract_dist = self._get_abstract_dist_for(req_to_install)
  File "/home/cireng/.virtualenvs/wxpython/lib/python3.7/site-packages/pip/_internal/resolve.py", line 242, in _get_abstract_dist_for
    self.require_hashes
  File "/home/cireng/.virtualenvs/wxpython/lib/python3.7/site-packages/pip/_internal/operations/prepare.py", line 334, in prepare_linked_requirement
    progress_bar=self.progress_bar
  File "/home/cireng/.virtualenvs/wxpython/lib/python3.7/site-packages/pip/_internal/download.py", line 865, in unpack_url
    unpack_file_url(link, location, download_dir, hashes=hashes)
  File "/home/cireng/.virtualenvs/wxpython/lib/python3.7/site-packages/pip/_internal/download.py", line 763, in unpack_file_url
    unpack_file(from_path, location, content_type, link)
  File "/home/cireng/.virtualenvs/wxpython/lib/python3.7/site-packages/pip/_internal/utils/misc.py", line 629, in unpack_file
    tarfile.is_tarfile(filename) or
  File "/home/cireng/.virtualenvs/wxpython/lib/python3.7/tarfile.py", line 2442, in is_tarfile
    t = open(name)
  File "/home/cireng/.virtualenvs/wxpython/lib/python3.7/tarfile.py", line 1573, in open
    return func(name, "r", fileobj, **kwargs)
  File "/home/cireng/.virtualenvs/wxpython/lib/python3.7/tarfile.py", line 1638, in gzopen
    fileobj = gzip.GzipFile(name, mode + "b", compresslevel, fileobj)
  File "/usr/lib64/python3.7/gzip.py", line 163, in __init__
    fileobj = self.myfileobj = builtins.open(filename, mode or 'rb')
FileNotFoundError: [Errno 2] No such file or directory: '/home/cireng/Projects/pyhexaco/wxPython-4.0.1.tar.gz'
